2026-07-20T04:13:16.074480Z  INFO bore_cli::client: connected to server remote_port=4120
2026-07-20T04:13:16.075396Z  INFO bore_cli::client: listening at bore.pub:4120
2026-07-20T04:14:31.657671Z  INFO proxy{id=36244077-0710-4d7c-b6ca-7aa864c533a8}: bore_cli::client: new connection
2026-07-20T04:14:33.943429Z  INFO proxy{id=3c01f0bd-f639-45c0-8d4a-81fc5b6711e8}: bore_cli::client: new connection
2026-07-20T04:14:33.943482Z  INFO proxy{id=a21afa9a-9b43-445b-9d76-6599a7d2b2db}: bore_cli::client: new connection
2026-07-20T04:14:33.943528Z  INFO proxy{id=bbbe98e4-36da-4b52-87b6-0a7c9e3a0cdc}: bore_cli::client: new connection
2026-07-20T04:15:17.582265Z  INFO proxy{id=1b2fd697-beb7-4998-b176-b8d7fe32b36e}: bore_cli::client: new connection
2026-07-20T04:15:17.582240Z  INFO proxy{id=e09dd733-cc24-42e1-9959-5647be9c4a30}: bore_cli::client: new connection
2026-07-20T04:15:17.582225Z  INFO proxy{id=d23d2170-e596-4045-9336-f4dabc6677b7}: bore_cli::client: new connection
2026-07-20T04:16:55.450713Z  INFO proxy{id=3c01f0bd-f639-45c0-8d4a-81fc5b6711e8}: bore_cli::client: connection exited
2026-07-20T04:16:55.451066Z  INFO proxy{id=36244077-0710-4d7c-b6ca-7aa864c533a8}: bore_cli::client: connection exited
2026-07-20T04:16:55.451083Z  INFO proxy{id=e09dd733-cc24-42e1-9959-5647be9c4a30}: bore_cli::client: connection exited
2026-07-20T04:16:55.451132Z  INFO proxy{id=bbbe98e4-36da-4b52-87b6-0a7c9e3a0cdc}: bore_cli::client: connection exited
2026-07-20T04:16:55.451248Z  INFO proxy{id=d23d2170-e596-4045-9336-f4dabc6677b7}: bore_cli::client: connection exited
2026-07-20T04:16:55.451304Z  INFO proxy{id=a21afa9a-9b43-445b-9d76-6599a7d2b2db}: bore_cli::client: connection exited
2026-07-20T04:16:55.451356Z  INFO proxy{id=1b2fd697-beb7-4998-b176-b8d7fe32b36e}: bore_cli::client: connection exited
2026-07-20T04:25:59.491309Z  INFO proxy{id=78f698ec-0755-4d45-9fe3-f5ac676666c1}: bore_cli::client: new connection
2026-07-20T04:25:59.491995Z  INFO proxy{id=b284cd1e-df90-455e-a5a7-2c54291dc6d2}: bore_cli::client: new connection
2026-07-20T04:25:59.492125Z  INFO proxy{id=2f65032d-0f80-421a-b0e4-4ba6a8793dd2}: bore_cli::client: new connection
2026-07-20T04:25:59.492257Z  INFO proxy{id=17dd47db-307d-4267-9ad4-21be601cffa5}: bore_cli::client: new connection
2026-07-20T04:25:59.492507Z  INFO proxy{id=9236a160-5311-4523-9a84-239564cfd4a5}: bore_cli::client: new connection
2026-07-20T04:26:02.451578Z  INFO proxy{id=28387571-98b1-4250-a6f0-06155235f32c}: bore_cli::client: new connection
2026-07-20T04:28:21.817121Z  INFO proxy{id=2f65032d-0f80-421a-b0e4-4ba6a8793dd2}: bore_cli::client: connection exited
2026-07-20T04:28:21.818211Z  INFO proxy{id=28387571-98b1-4250-a6f0-06155235f32c}: bore_cli::client: connection exited
2026-07-20T04:28:21.818298Z  INFO proxy{id=17dd47db-307d-4267-9ad4-21be601cffa5}: bore_cli::client: connection exited
2026-07-20T04:28:21.818375Z  INFO proxy{id=9236a160-5311-4523-9a84-239564cfd4a5}: bore_cli::client: connection exited
2026-07-20T04:28:21.818162Z  INFO proxy{id=78f698ec-0755-4d45-9fe3-f5ac676666c1}: bore_cli::client: connection exited
2026-07-20T04:28:21.818531Z  INFO proxy{id=b284cd1e-df90-455e-a5a7-2c54291dc6d2}: bore_cli::client: connection exited
2026-07-20T04:31:37.129637Z  INFO proxy{id=8f01bfca-9f12-47db-83cc-afc6b932e11c}: bore_cli::client: new connection
2026-07-20T04:31:37.129706Z  INFO proxy{id=f52601bc-56d3-4e0d-8bd2-440279e73f57}: bore_cli::client: new connection
2026-07-20T04:31:37.129730Z  INFO proxy{id=16845065-6937-4f56-98d4-893c43e80874}: bore_cli::client: new connection
2026-07-20T04:37:34.263033Z  INFO proxy{id=8f01bfca-9f12-47db-83cc-afc6b932e11c}: bore_cli::client: connection exited
2026-07-20T04:37:34.264130Z  INFO proxy{id=16845065-6937-4f56-98d4-893c43e80874}: bore_cli::client: connection exited
2026-07-20T04:37:34.264161Z  INFO proxy{id=f52601bc-56d3-4e0d-8bd2-440279e73f57}: bore_cli::client: connection exited
2026-07-20T04:43:57.046309Z  INFO proxy{id=cb3a21ac-c6bb-4ef5-9eed-6e00e123dde8}: bore_cli::client: new connection
2026-07-20T04:43:57.046330Z  INFO proxy{id=692d7627-1db9-4f3a-9715-7652165749c1}: bore_cli::client: new connection
2026-07-20T04:43:57.046335Z  INFO proxy{id=5c93e5b2-0c6d-458f-8c3a-1515304e6a44}: bore_cli::client: new connection
2026-07-20T04:44:41.662767Z  INFO proxy{id=a4977831-1f20-4bbc-a122-cb010d07ed70}: bore_cli::client: new connection
2026-07-20T04:44:43.740116Z  INFO proxy{id=ee281cf3-6122-4f46-b35e-00f0738a1e72}: bore_cli::client: new connection
2026-07-20T04:44:43.740131Z  INFO proxy{id=a47b3fb4-da6b-4a47-8695-6f2fc3a29c5d}: bore_cli::client: new connection
2026-07-20T04:44:45.534531Z  INFO proxy{id=6335c402-3044-4502-9a3b-a64e667f204d}: bore_cli::client: new connection
2026-07-20T04:44:45.534543Z  INFO proxy{id=9dc244fc-47b0-4911-9d4b-d62d5622d7b6}: bore_cli::client: new connection
2026-07-20T04:44:45.813708Z  INFO proxy{id=bfddc922-7a3b-4253-8ee0-b9a990000f21}: bore_cli::client: new connection
2026-07-20T04:44:51.108420Z  INFO proxy{id=9d06052b-812f-4cbc-9f9d-0f2182923b33}: bore_cli::client: new connection
2026-07-20T04:44:51.642134Z  INFO proxy{id=bbdde511-c71a-4844-a17e-8ca5e565b1d4}: bore_cli::client: new connection
2026-07-20T04:44:51.980840Z  INFO proxy{id=32cb2ec1-8703-4df6-8134-5400ca04fa9b}: bore_cli::client: new connection
2026-07-20T04:44:53.898872Z  INFO proxy{id=32cb2ec1-8703-4df6-8134-5400ca04fa9b}: bore_cli::client: connection exited
2026-07-20T04:44:54.250498Z  INFO proxy{id=75251316-2970-4c98-a0c2-d23a92afa079}: bore_cli::client: new connection
2026-07-20T04:44:54.250523Z  INFO proxy{id=2210fc19-15ea-4233-8e75-249acad82032}: bore_cli::client: new connection
2026-07-20T04:44:54.250555Z  INFO proxy{id=6d064f90-27ee-4c3a-8381-1a849c8402b2}: bore_cli::client: new connection
2026-07-20T04:44:54.250617Z  INFO proxy{id=caea649f-843c-4160-9847-e6578230fc42}: bore_cli::client: new connection
2026-07-20T04:44:54.518541Z  INFO proxy{id=dcc5f926-838b-474e-93f8-5a1d8f2696ee}: bore_cli::client: new connection
2026-07-20T04:44:54.904693Z  INFO proxy{id=1a1378f9-3bb9-473c-a0cd-cb632d187d0c}: bore_cli::client: new connection
2026-07-20T04:44:55.179389Z  INFO proxy{id=5ad32c8d-6f2c-4649-9459-0f0c7989af3d}: bore_cli::client: new connection
2026-07-20T04:44:55.179446Z  INFO proxy{id=3908a629-67df-499e-ab80-8d9749388d9e}: bore_cli::client: new connection
2026-07-20T04:44:55.757775Z  INFO proxy{id=dcc5f926-838b-474e-93f8-5a1d8f2696ee}: bore_cli::client: connection exited
2026-07-20T04:44:56.235290Z  INFO proxy{id=092953e7-b2a2-4af8-ac48-fba8d005ac9b}: bore_cli::client: new connection
2026-07-20T04:44:56.873759Z  INFO proxy{id=a57d773d-ab6a-4905-be17-52a4cf1f92dc}: bore_cli::client: new connection
2026-07-20T04:44:57.144833Z  INFO proxy{id=cd8bd16c-04ce-4015-921d-26e4c03f87f9}: bore_cli::client: new connection
2026-07-20T04:44:57.362168Z  INFO proxy{id=092953e7-b2a2-4af8-ac48-fba8d005ac9b}: bore_cli::client: connection exited
2026-07-20T04:44:57.826242Z  INFO proxy{id=4ffd8f49-52b4-47c6-b1d9-12b198aafd46}: bore_cli::client: new connection
2026-07-20T04:44:59.020002Z  INFO proxy{id=4ffd8f49-52b4-47c6-b1d9-12b198aafd46}: bore_cli::client: connection exited
2026-07-20T04:45:00.183044Z  INFO proxy{id=4eee7414-ab2a-48cb-b670-a366f2658250}: bore_cli::client: new connection
2026-07-20T04:45:00.456580Z  INFO proxy{id=853eb504-b9da-46a7-82b3-7b0a4603d0ab}: bore_cli::client: new connection
2026-07-20T04:45:04.343065Z  INFO proxy{id=b54fab32-f3f2-4cde-a585-01b07b666885}: bore_cli::client: new connection
2026-07-20T04:45:04.613120Z  INFO proxy{id=8568663c-410c-4ee6-b0e6-4e515c8e0776}: bore_cli::client: new connection
2026-07-20T04:45:04.613145Z  INFO proxy{id=f80a5780-d973-41ed-9b95-29074a13bc3d}: bore_cli::client: new connection
2026-07-20T04:45:08.644186Z  INFO proxy{id=2dbd2a39-e0c8-4211-8683-a2b386bb226f}: bore_cli::client: new connection
2026-07-20T04:45:08.644238Z  INFO proxy{id=98f10e10-721c-41c3-a6d3-843b87e287ea}: bore_cli::client: new connection
2026-07-20T04:45:08.644299Z  INFO proxy{id=41e3075b-571f-45be-b853-392e6dd7fa1b}: bore_cli::client: new connection
2026-07-20T04:45:47.683956Z  INFO proxy{id=cd8bd16c-04ce-4015-921d-26e4c03f87f9}: bore_cli::client: connection exited
2026-07-20T04:45:47.687195Z  INFO proxy{id=75251316-2970-4c98-a0c2-d23a92afa079}: bore_cli::client: connection exited
2026-07-20T04:45:48.680967Z  INFO proxy{id=a57d773d-ab6a-4905-be17-52a4cf1f92dc}: bore_cli::client: connection exited
2026-07-20T04:45:48.681166Z  INFO proxy{id=8568663c-410c-4ee6-b0e6-4e515c8e0776}: bore_cli::client: connection exited
2026-07-20T04:45:48.681359Z  INFO proxy{id=b54fab32-f3f2-4cde-a585-01b07b666885}: bore_cli::client: connection exited
2026-07-20T04:45:48.681428Z  INFO proxy{id=3908a629-67df-499e-ab80-8d9749388d9e}: bore_cli::client: connection exited
2026-07-20T04:45:48.681459Z  INFO proxy{id=1a1378f9-3bb9-473c-a0cd-cb632d187d0c}: bore_cli::client: connection exited
2026-07-20T04:45:48.681879Z  INFO proxy{id=f80a5780-d973-41ed-9b95-29074a13bc3d}: bore_cli::client: connection exited
2026-07-20T04:45:48.682137Z  INFO proxy{id=5ad32c8d-6f2c-4649-9459-0f0c7989af3d}: bore_cli::client: connection exited
2026-07-20T04:46:03.923729Z  INFO proxy{id=853eb504-b9da-46a7-82b3-7b0a4603d0ab}: bore_cli::client: connection exited
2026-07-20T04:46:03.924614Z  INFO proxy{id=98f10e10-721c-41c3-a6d3-843b87e287ea}: bore_cli::client: connection exited
2026-07-20T04:46:03.924685Z  INFO proxy{id=2dbd2a39-e0c8-4211-8683-a2b386bb226f}: bore_cli::client: connection exited
2026-07-20T04:46:04.420100Z  INFO proxy{id=bbdde511-c71a-4844-a17e-8ca5e565b1d4}: bore_cli::client: connection exited
2026-07-20T04:46:06.777096Z  INFO proxy{id=41e3075b-571f-45be-b853-392e6dd7fa1b}: bore_cli::client: connection exited
2026-07-20T04:46:07.667999Z  INFO proxy{id=4eee7414-ab2a-48cb-b670-a366f2658250}: bore_cli::client: connection exited
2026-07-20T04:47:12.531380Z  INFO proxy{id=82b5c967-9204-454c-ba17-aa97bad9ca54}: bore_cli::client: new connection
2026-07-20T04:47:12.531415Z  INFO proxy{id=11172cc9-dbcc-4d7d-8670-2a0cf9507686}: bore_cli::client: new connection
2026-07-20T04:47:12.531456Z  INFO proxy{id=83e75108-eafe-423e-84e6-0a13a5c063f6}: bore_cli::client: new connection
2026-07-20T04:47:12.806400Z  INFO proxy{id=5bbee590-07c5-4b52-9c3c-d9c67a45b653}: bore_cli::client: new connection
2026-07-20T04:47:43.691031Z  INFO proxy{id=5bbee590-07c5-4b52-9c3c-d9c67a45b653}: bore_cli::client: connection exited
2026-07-20T04:47:44.697567Z  INFO proxy{id=83e75108-eafe-423e-84e6-0a13a5c063f6}: bore_cli::client: connection exited
2026-07-20T04:47:44.698087Z  INFO proxy{id=82b5c967-9204-454c-ba17-aa97bad9ca54}: bore_cli::client: connection exited
2026-07-20T04:47:44.698087Z  INFO proxy{id=11172cc9-dbcc-4d7d-8670-2a0cf9507686}: bore_cli::client: connection exited
2026-07-20T04:48:10.027621Z  INFO proxy{id=44e07b86-5ac3-4693-9c1b-eacb46ca08e0}: bore_cli::client: new connection
2026-07-20T04:48:10.027647Z  INFO proxy{id=9e074258-d168-4cb3-9635-ac2fa0c070f6}: bore_cli::client: new connection
2026-07-20T04:48:10.027697Z  INFO proxy{id=bffb2109-68af-4c4b-9fcb-e6a3f6fd0b3c}: bore_cli::client: new connection
2026-07-20T04:48:10.027736Z  INFO proxy{id=aa9fe3fa-3ffd-4677-8ded-8c6d7fb5a8d3}: bore_cli::client: new connection
2026-07-20T04:48:57.901262Z  INFO proxy{id=7866e587-58a0-45e2-84a5-c36a58a1761e}: bore_cli::client: new connection
2026-07-20T04:48:58.572176Z  INFO proxy{id=950da05d-f31b-48c3-8b6a-3eed4404dc85}: bore_cli::client: new connection
