2026-07-20T04:13:16.091041Z  INFO bore_cli::client: connected to server remote_port=56087
2026-07-20T04:13:16.091245Z  INFO bore_cli::client: listening at bore.pub:56087
2026-07-20T04:13:30.903067Z  INFO proxy{id=c8c0af25-ccea-4a88-8347-cf0ca2310df7}: bore_cli::client: new connection
2026-07-20T04:13:31.183258Z  INFO proxy{id=6d9380c2-1770-4e90-9919-d030aee0c680}: bore_cli::client: new connection
2026-07-20T04:13:32.810696Z  INFO proxy{id=241eb302-15b3-4dd5-91d9-75b4387c0e4f}: bore_cli::client: new connection
2026-07-20T04:13:32.810798Z  INFO proxy{id=d0b719ee-cefa-47a2-a1c8-bcfaf325d7ce}: bore_cli::client: new connection
2026-07-20T04:13:32.810751Z  INFO proxy{id=16af3357-6d78-4413-8a98-b4ae01adda61}: bore_cli::client: new connection
2026-07-20T04:13:32.810741Z  INFO proxy{id=456d5bbe-b6f4-4565-bc4c-de5c8fdaff70}: bore_cli::client: new connection
2026-07-20T04:13:46.069500Z  INFO proxy{id=16af3357-6d78-4413-8a98-b4ae01adda61}: bore_cli::client: connection exited
2026-07-20T04:13:46.460370Z  INFO proxy{id=1370c590-b56b-4382-b76a-06d322fa72a5}: bore_cli::client: new connection
2026-07-20T04:13:47.605018Z  INFO proxy{id=c8c0af25-ccea-4a88-8347-cf0ca2310df7}: bore_cli::client: connection exited
2026-07-20T04:13:48.132160Z  INFO proxy{id=93edc8fc-4b66-4b76-aac8-6781cba62139}: bore_cli::client: new connection
2026-07-20T04:14:04.949231Z  INFO proxy{id=1370c590-b56b-4382-b76a-06d322fa72a5}: bore_cli::client: connection exited
2026-07-20T04:14:07.952708Z  INFO proxy{id=241eb302-15b3-4dd5-91d9-75b4387c0e4f}: bore_cli::client: connection exited
2026-07-20T04:14:12.508909Z  INFO proxy{id=93edc8fc-4b66-4b76-aac8-6781cba62139}: bore_cli::client: connection exited
2026-07-20T04:14:36.829239Z  INFO proxy{id=d0b719ee-cefa-47a2-a1c8-bcfaf325d7ce}: bore_cli::client: connection exited
2026-07-20T04:14:54.653846Z  INFO proxy{id=6d9380c2-1770-4e90-9919-d030aee0c680}: bore_cli::client: connection exited
2026-07-20T04:14:55.025382Z  INFO proxy{id=b4e0eb10-9bab-430f-801c-b729ff1106a2}: bore_cli::client: new connection
2026-07-20T04:15:02.659817Z  INFO proxy{id=b4e0eb10-9bab-430f-801c-b729ff1106a2}: bore_cli::client: connection exited
2026-07-20T04:16:59.386909Z  INFO proxy{id=456d5bbe-b6f4-4565-bc4c-de5c8fdaff70}: bore_cli::client: connection exited
2026-07-20T04:31:40.121370Z  INFO proxy{id=e3405a02-f12d-4520-8720-01cc0f7b9677}: bore_cli::client: new connection
2026-07-20T04:31:41.934864Z  INFO proxy{id=ca1548c4-caeb-4bb2-9fc4-3775b53bd481}: bore_cli::client: new connection
2026-07-20T04:31:41.934888Z  INFO proxy{id=4866a016-0ea1-4522-b137-5b4bfbfbd3e8}: bore_cli::client: new connection
2026-07-20T04:31:41.935009Z  INFO proxy{id=5bc289cf-be76-41fa-a2b0-63f2d07afb28}: bore_cli::client: new connection
2026-07-20T04:31:41.935145Z  INFO proxy{id=4525415a-13e7-4923-a9ab-e16f33dafc0a}: bore_cli::client: new connection
2026-07-20T04:31:41.935519Z  INFO proxy{id=0a9a48f2-3eb1-441e-9b0e-f2b4d5a14c19}: bore_cli::client: new connection
2026-07-20T04:32:13.722090Z  INFO proxy{id=f725ebda-fb53-467a-ae4c-79cdf53da879}: bore_cli::client: new connection
2026-07-20T04:32:20.547957Z  INFO proxy{id=4866a016-0ea1-4522-b137-5b4bfbfbd3e8}: bore_cli::client: connection exited
2026-07-20T04:32:20.789663Z  INFO proxy{id=5bc289cf-be76-41fa-a2b0-63f2d07afb28}: bore_cli::client: connection exited
2026-07-20T04:32:20.789794Z  INFO proxy{id=4525415a-13e7-4923-a9ab-e16f33dafc0a}: bore_cli::client: connection exited
2026-07-20T04:32:20.886889Z  INFO proxy{id=0a9a48f2-3eb1-441e-9b0e-f2b4d5a14c19}: bore_cli::client: connection exited
2026-07-20T04:32:21.331594Z  INFO proxy{id=ca1548c4-caeb-4bb2-9fc4-3775b53bd481}: bore_cli::client: connection exited
2026-07-20T04:32:22.045470Z  INFO proxy{id=e3405a02-f12d-4520-8720-01cc0f7b9677}: bore_cli::client: connection exited
2026-07-20T04:41:24.189447Z  INFO proxy{id=28482acf-6e9c-4cd8-b1b6-be9e31e12ff2}: bore_cli::client: new connection
2026-07-20T04:41:24.468718Z  INFO proxy{id=2532518c-d1d1-46e7-a24b-705aeca59579}: bore_cli::client: new connection
2026-07-20T04:41:26.006884Z  INFO proxy{id=60a51205-ab95-4880-926c-4d23f50838e9}: bore_cli::client: new connection
2026-07-20T04:41:26.006946Z  INFO proxy{id=721b0a8b-1f91-4aa1-850d-737f712e4e90}: bore_cli::client: new connection
2026-07-20T04:41:26.007049Z  INFO proxy{id=3f6e0b21-eb9b-4f22-86cd-7e3e64b7a6f7}: bore_cli::client: new connection
2026-07-20T04:41:26.007055Z  INFO proxy{id=165ed265-bdd0-4cfc-ad37-ae483af4f383}: bore_cli::client: new connection
2026-07-20T04:41:34.257406Z  INFO proxy{id=2532518c-d1d1-46e7-a24b-705aeca59579}: bore_cli::client: connection exited
2026-07-20T04:41:34.279562Z  INFO proxy{id=28482acf-6e9c-4cd8-b1b6-be9e31e12ff2}: bore_cli::client: connection exited
2026-07-20T04:41:34.482282Z  INFO proxy{id=721b0a8b-1f91-4aa1-850d-737f712e4e90}: bore_cli::client: connection exited
2026-07-20T04:41:34.516355Z  INFO proxy{id=3f6e0b21-eb9b-4f22-86cd-7e3e64b7a6f7}: bore_cli::client: connection exited
2026-07-20T04:41:34.718676Z  INFO proxy{id=165ed265-bdd0-4cfc-ad37-ae483af4f383}: bore_cli::client: connection exited
2026-07-20T04:44:00.235223Z  INFO proxy{id=60a51205-ab95-4880-926c-4d23f50838e9}: bore_cli::client: connection exited
